Started GET "/" for 192.168.65.1 at 2023-09-28 22:51:36 +0900
Processing by Rails::WelcomeController#index as HTML
  Rendering /usr/local/bundle/gems/railties-6.1.7.6/lib/rails/templates/rails/welcome/index.html.erb
  Rendered /usr/local/bundle/gems/railties-6.1.7.6/lib/rails/templates/rails/welcome/index.html.erb (Duration: 4.6ms | Allocations: 537)
Completed 200 OK in 18ms (Views: 9.8ms | ActiveRecord: 0.0ms | Allocations: 4503)


Started GET "/_next/webpack-hmr" for 192.168.65.1 at 2023-09-30 03:29:29 +0900
  
ActionController::RoutingError (No route matches [GET] "/_next/webpack-hmr"):
  
Started GET "/_next/webpack-hmr" for 192.168.65.1 at 2023-09-30 03:29:31 +0900
  
ActionController::RoutingError (No route matches [GET] "/_next/webpack-hmr"):
  
Started GET "/" for 192.168.65.1 at 2023-09-30 03:29:32 +0900
Processing by Rails::WelcomeController#index as HTML
  Rendering /usr/local/bundle/gems/railties-6.1.7.6/lib/rails/templates/rails/welcome/index.html.erb
  Rendered /usr/local/bundle/gems/railties-6.1.7.6/lib/rails/templates/rails/welcome/index.html.erb (Duration: 5.2ms | Allocations: 215)
Completed 200 OK in 9ms (Views: 6.2ms | ActiveRecord: 0.0ms | Allocations: 2251)


  [1m[35m (1152.2ms)[0m  [1m[35mCREATE DATABASE "mydatabase_development" ENCODING = 'unicode'[0m
  [1m[35m (999.7ms)[0m  [1m[35mCREATE DATABASE "mydatabase_test" ENCODING = 'unicode'[0m
  [1m[35m (45.7ms)[0m  [1m[35mCREATE DATABASE "mydatabase_development" ENCODING = 'unicode'[0m
  [1m[35m (39.7ms)[0m  [1m[35mCREATE DATABASE "mydatabase_test" ENCODING = 'unicode'[0m
  [1m[35m (3.9ms)[0m  [1m[35mCREATE TABLE "schema_migrations" ("version" character varying NOT NULL PRIMARY KEY)[0m
  [1m[35m (1.8ms)[0m  [1m[35mCREATE TABLE "ar_internal_metadata" ("key" character varying NOT NULL PRIMARY KEY, "value" character varying, "created_at" timestamp(6) NOT NULL, "updated_at" timestamp(6) NOT NULL)[0m
  [1m[35m (0.2ms)[0m  [1m[34mSELECT pg_try_advisory_lock(2363606137568640825)[0m
  [1m[35m (0.2ms)[0m  [1m[34mSELECT "schema_migrations"."version" FROM "schema_migrations" ORDER BY "schema_migrations"."version" ASC[0m
Migrating to CreateUsers (20230930173442)
  [1m[35m (0.1ms)[0m  [1m[34mSELECT pg_advisory_unlock(2363606137568640825)[0m
  [1m[35m (0.1ms)[0m  [1m[34mSELECT pg_try_advisory_lock(2363606137568640825)[0m
  [1m[35m (0.4ms)[0m  [1m[34mSELECT "schema_migrations"."version" FROM "schema_migrations" ORDER BY "schema_migrations"."version" ASC[0m
Migrating to CreateUsers (20230930173442)
  [1m[36mTRANSACTION (0.1ms)[0m  [1m[35mBEGIN[0m
  [1m[35m (4.5ms)[0m  [1m[35mCREATE TABLE "users" ("id" bigserial primary key, "user" text, "email" text, "image" text, "real_name" text, "display_name" text, "is_admin" boolean, "is_owner" boolean, "is_primary_owner" boolean, "is_restricted" boolean, "is_ultra_restricted" boolean, "is_bot" boolean, "is_app_user" boolean, "created_at" timestamp(6) NOT NULL, "updated_at" timestamp(6) NOT NULL)[0m
  [1m[36mActiveRecord::SchemaMigration Create (0.3ms)[0m  [1m[32mINSERT INTO "schema_migrations" ("version") VALUES ($1) RETURNING "version"[0m  [["version", "20230930173442"]]
  [1m[36mTRANSACTION (0.3ms)[0m  [1m[35mCOMMIT[0m
Migrating to CreateChannels (20230930173447)
  [1m[36mTRANSACTION (0.2ms)[0m  [1m[35mBEGIN[0m
  [1m[35m (2.9ms)[0m  [1m[35mCREATE TABLE "channels" ("id" bigserial primary key, "channel_id" text, "name" text, "user_id" bigint, "created_at" timestamp(6) NOT NULL, "updated_at" timestamp(6) NOT NULL)[0m
  [1m[35m (0.9ms)[0m  [1m[35mCREATE INDEX "index_channels_on_user_id" ON "channels" ("user_id")[0m
  [1m[36mActiveRecord::SchemaMigration Create (0.2ms)[0m  [1m[32mINSERT INTO "schema_migrations" ("version") VALUES ($1) RETURNING "version"[0m  [["version", "20230930173447"]]
  [1m[36mTRANSACTION (0.5ms)[0m  [1m[35mCOMMIT[0m
Migrating to CreateMembers (20230930173452)
  [1m[36mTRANSACTION (0.2ms)[0m  [1m[35mBEGIN[0m
  [1m[35m (1.9ms)[0m  [1m[35mCREATE TABLE "members" ("id" bigserial primary key, "channel_id" bigint, "user_id" bigint, "created_at" timestamp(6) NOT NULL, "updated_at" timestamp(6) NOT NULL)[0m
  [1m[35m (1.0ms)[0m  [1m[35mCREATE INDEX "index_members_on_channel_id" ON "members" ("channel_id")[0m
  [1m[35m (0.9ms)[0m  [1m[35mCREATE INDEX "index_members_on_user_id" ON "members" ("user_id")[0m
  [1m[36mActiveRecord::SchemaMigration Create (0.2ms)[0m  [1m[32mINSERT INTO "schema_migrations" ("version") VALUES ($1) RETURNING "version"[0m  [["version", "20230930173452"]]
  [1m[36mTRANSACTION (0.3ms)[0m  [1m[35mCOMMIT[0m
Migrating to CreateMessages (20230930173502)
  [1m[36mTRANSACTION (0.1ms)[0m  [1m[35mBEGIN[0m
  [1m[35m (2.8ms)[0m  [1m[35mCREATE TABLE "messages" ("id" bigserial primary key, "user_id" bigint, "ts" text, "reply_count" integer, "created_at" timestamp(6) NOT NULL, "updated_at" timestamp(6) NOT NULL)[0m
  [1m[35m (0.9ms)[0m  [1m[35mCREATE INDEX "index_messages_on_user_id" ON "messages" ("user_id")[0m
  [1m[36mActiveRecord::SchemaMigration Create (0.2ms)[0m  [1m[32mINSERT INTO "schema_migrations" ("version") VALUES ($1) RETURNING "version"[0m  [["version", "20230930173502"]]
  [1m[36mTRANSACTION (0.5ms)[0m  [1m[35mCOMMIT[0m
Migrating to CreateReplies (20230930173510)
  [1m[36mTRANSACTION (0.1ms)[0m  [1m[35mBEGIN[0m
  [1m[35m (2.9ms)[0m  [1m[35mCREATE TABLE "replies" ("id" bigserial primary key, "message_id" bigint, "user_id" bigint, "ts" text, "created_at" timestamp(6) NOT NULL, "updated_at" timestamp(6) NOT NULL)[0m
  [1m[35m (1.0ms)[0m  [1m[35mCREATE INDEX "index_replies_on_message_id" ON "replies" ("message_id")[0m
  [1m[35m (1.6ms)[0m  [1m[35mCREATE INDEX "index_replies_on_user_id" ON "replies" ("user_id")[0m
  [1m[36mActiveRecord::SchemaMigration Create (0.2ms)[0m  [1m[32mINSERT INTO "schema_migrations" ("version") VALUES ($1) RETURNING "version"[0m  [["version", "20230930173510"]]
  [1m[36mTRANSACTION (0.5ms)[0m  [1m[35mCOMMIT[0m
Migrating to CreateElements (20230930173519)
  [1m[36mTRANSACTION (0.1ms)[0m  [1m[35mBEGIN[0m
  [1m[35m (2.7ms)[0m  [1m[35mCREATE TABLE "elements" ("id" bigserial primary key, "message_id" bigint, "type" text, "text" text, "url" text, "created_at" timestamp(6) NOT NULL, "updated_at" timestamp(6) NOT NULL)[0m
  [1m[35m (1.1ms)[0m  [1m[35mCREATE INDEX "index_elements_on_message_id" ON "elements" ("message_id")[0m
  [1m[36mActiveRecord::SchemaMigration Create (0.2ms)[0m  [1m[32mINSERT INTO "schema_migrations" ("version") VALUES ($1) RETURNING "version"[0m  [["version", "20230930173519"]]
  [1m[36mTRANSACTION (0.3ms)[0m  [1m[35mCOMMIT[0m
Migrating to CreateImages (20230930175120)
  [1m[36mTRANSACTION (0.1ms)[0m  [1m[35mBEGIN[0m
  [1m[35m (2.3ms)[0m  [1m[35mCREATE TABLE "images" ("id" bigserial primary key, "message_id" bigint, "name" text, "url" text, "created_at" timestamp(6) NOT NULL, "updated_at" timestamp(6) NOT NULL)[0m
  [1m[35m (0.9ms)[0m  [1m[35mCREATE INDEX "index_images_on_message_id" ON "images" ("message_id")[0m
  [1m[36mActiveRecord::SchemaMigration Create (0.2ms)[0m  [1m[32mINSERT INTO "schema_migrations" ("version") VALUES ($1) RETURNING "version"[0m  [["version", "20230930175120"]]
  [1m[36mTRANSACTION (0.5ms)[0m  [1m[35mCOMMIT[0m
  [1m[36mActiveRecord::InternalMetadata Load (0.2ms)[0m  [1m[34mSELECT "ar_internal_metadata".* FROM "ar_internal_metadata" WHERE "ar_internal_metadata"."key" = $1 LIMIT $2[0m  [["key", "environment"], ["LIMIT", 1]]
  [1m[36mTRANSACTION (0.1ms)[0m  [1m[35mBEGIN[0m
  [1m[36mActiveRecord::InternalMetadata Create (0.4ms)[0m  [1m[32mINSERT INTO "ar_internal_metadata" ("key", "value", "created_at", "updated_at") VALUES ($1, $2, $3, $4) RETURNING "key"[0m  [["key", "environment"], ["value", "development"], ["created_at", "2023-09-30 18:35:53.164305"], ["updated_at", "2023-09-30 18:35:53.164305"]]
  [1m[36mTRANSACTION (0.3ms)[0m  [1m[35mCOMMIT[0m
  [1m[35m (0.2ms)[0m  [1m[34mSELECT pg_advisory_unlock(2363606137568640825)[0m
  [1m[35m (0.4ms)[0m  [1m[34mSELECT "schema_migrations"."version" FROM "schema_migrations" ORDER BY "schema_migrations"."version" ASC[0m
  [1m[36mUser Load (0.7ms)[0m  [1m[34mSELECT "users".* FROM "users"[0m
  [1m[36mChannel Load (2.6ms)[0m  [1m[34mSELECT "channels".* FROM "channels"[0m
  [1m[36mMember Load (14.4ms)[0m  [1m[34mSELECT "members".* FROM "members"[0m
  [1m[36mMessage Load (1.4ms)[0m  [1m[34mSELECT "messages".* FROM "messages"[0m
  [1m[36mReply Load (2.6ms)[0m  [1m[34mSELECT "replies".* FROM "replies"[0m
  [1m[36mElement Load (1.4ms)[0m  [1m[34mSELECT "elements".* FROM "elements"[0m
  [1m[36mImage Load (3.6ms)[0m  [1m[34mSELECT "images".* FROM "images"[0m
